<?xml version="1.0" encoding="UTF-8"?>
<!-- Generated by org.testng.reporters.JUnitReportReporter -->
<testsuite hostname="DESKTOP-UQKD5N4" name="com.testng.Navigation" tests="1" failures="0" timestamp="28 Aug 2022 13:26:14 GMT" time="15.777" errors="0">
  <testcase name="backforwd" time="15.777" classname="com.testng.Navigation"/>
</testsuite> <!-- com.testng.Navigation -->
