<?xml version="1.0" encoding="UTF-8"?>
<!-- Generated by org.testng.reporters.JUnitReportReporter -->
<testsuite hostname="DESKTOP-UQKD5N4" name="com.test.TestNGFirst" tests="1" failures="0" timestamp="24 Aug 2022 13:22:55 GMT" time="0.004" errors="0">
  <testcase name="sapota" time="0.004" classname="com.test.TestNGFirst"/>
</testsuite> <!-- com.test.TestNGFirst -->
