<?xml version="1.0" encoding="UTF-8"?>
<!-- Generated by org.testng.reporters.JUnitReportReporter -->
<testsuite hostname="DESKTOP-UQKD5N4" name="com.test.AnimalsTestNg" tests="2" failures="0" timestamp="24 Aug 2022 05:25:08 GMT" time="0.000" errors="0">
  <testcase name="buffalo" time="0.000" classname="com.test.AnimalsTestNg"/>
  <testcase name="dog" time="0.000" classname="com.test.AnimalsTestNg"/>
</testsuite> <!-- com.test.AnimalsTestNg -->
