<?xml version="1.0" encoding="UTF-8"?>
<!-- Generated by org.testng.reporters.JUnitReportReporter -->
<testsuite hostname="DESKTOP-UQKD5N4" name="com.test.AnimalsTestNg" tests="2" failures="0" timestamp="23 Aug 2022 15:29:50 GMT" time="0.004" errors="0">
  <testcase name="buffalo" time="0.003" classname="com.test.AnimalsTestNg"/>
  <testcase name="dog" time="0.001" classname="com.test.AnimalsTestNg"/>
</testsuite> <!-- com.test.AnimalsTestNg -->
