<?xml version="1.0" encoding="UTF-8"?>
<!-- Generated by org.testng.reporters.JUnitReportReporter -->
<testsuite hostname="DESKTOP-UQKD5N4" name="com.testng.OrangeHRMReports" tests="1" failures="0" timestamp="2 Sep 2022 15:42:58 GMT" time="11.451" errors="0">
  <testcase name="orangeHRMLogin" time="11.451" classname="com.testng.OrangeHRMReports"/>
</testsuite> <!-- com.testng.OrangeHRMReports -->
