<?xml version="1.0" encoding="UTF-8"?>
<!-- Generated by org.testng.reporters.JUnitReportReporter -->
<testsuite hostname="DESKTOP-UQKD5N4" name="com.testng.DataProvdeTest" tests="2" failures="0" timestamp="28 Aug 2022 13:52:50 GMT" time="21.220" errors="0">
  <testcase name="orangeLogin" time="10.883" classname="com.testng.DataProvdeTest"/>
  <testcase name="orangeLogin" time="10.337" classname="com.testng.DataProvdeTest"/>
</testsuite> <!-- com.testng.DataProvdeTest -->
