<?xml version="1.0" encoding="UTF-8"?>
<!-- Generated by org.testng.reporters.JUnitReportReporter -->
<testsuite hostname="DESKTOP-UQKD5N4" name="com.test.TestNG" tests="1" failures="0" timestamp="20 Aug 2022 19:59:21 GMT" time="0.012" errors="0">
  <testcase name="mango" time="0.012" classname="com.test.TestNG"/>
</testsuite> <!-- com.test.TestNG -->
