<?xml version="1.0" encoding="UTF-8"?>
<!-- Generated by org.testng.reporters.JUnitReportReporter -->
<testsuite hostname="DESKTOP-UQKD5N4" name="com.testng.MoveCursorTng" tests="1" failures="0" timestamp="25 Aug 2022 15:27:16 GMT" time="9.259" errors="0">
  <testcase name="cursor" time="9.259" classname="com.testng.MoveCursorTng"/>
</testsuite> <!-- com.testng.MoveCursorTng -->
