<?xml version="1.0" encoding="UTF-8"?>
<!-- Generated by org.testng.reporters.JUnitReportReporter -->
<testsuite hostname="DESKTOP-UQKD5N4" name="com.testng.Navigation" tests="1" failures="0" timestamp="8 Sep 2022 15:20:25 GMT" time="13.833" errors="0">
  <testcase name="backforwd" time="13.833" classname="com.testng.Navigation"/>
</testsuite> <!-- com.testng.Navigation -->
