<?xml version="1.0" encoding="UTF-8"?>
<!-- Generated by org.testng.reporters.JUnitReportReporter -->
<testsuite hostname="DESKTOP-UQKD5N4" name="com.testng.DoubleClick" tests="1" failures="0" timestamp="25 Aug 2022 15:27:16 GMT" time="9.246" errors="0">
  <testcase name="dclick" time="9.246" classname="com.testng.DoubleClick"/>
</testsuite> <!-- com.testng.DoubleClick -->
