<?xml version="1.0" encoding="UTF-8"?>
<!-- Generated by org.testng.reporters.JUnitReportReporter -->
<testsuite hostname="DESKTOP-UQKD5N4" name="com.testng.ExcelTest" tests="1" failures="0" timestamp="29 Aug 2022 15:51:20 GMT" time="0.499" errors="0">
  <testcase name="excel" time="0.499" classname="com.testng.ExcelTest"/>
</testsuite> <!-- com.testng.ExcelTest -->
