<?xml version="1.0" encoding="UTF-8"?>
<!-- Generated by org.testng.reporters.JUnitReportReporter -->
<testsuite hostname="DESKTOP-UQKD5N4" name="com.testng.LoginHRMWithExcel" tests="3" failures="0" timestamp="15 Sep 2022 21:32:26 GMT" time="22.036" errors="0">
  <testcase name="ihgLogin" time="7.079" classname="com.testng.LoginHRMWithExcel"/>
  <testcase name="ihgLogin" time="7.690" classname="com.testng.LoginHRMWithExcel"/>
  <testcase name="ihgLogin" time="7.267" classname="com.testng.LoginHRMWithExcel"/>
</testsuite> <!-- com.testng.LoginHRMWithExcel -->
