<?xml version="1.0" encoding="UTF-8"?>
<!-- Generated by org.testng.reporters.JUnitReportReporter -->
<testsuite hostname="DESKTOP-UQKD5N4" name="com.testng.IteraTestQA" tests="1" failures="0" timestamp="28 Aug 2022 13:26:14 GMT" time="3.527" errors="0">
  <testcase name="testqa" time="3.527" classname="com.testng.IteraTestQA"/>
</testsuite> <!-- com.testng.IteraTestQA -->
