<?xml version="1.0" encoding="UTF-8"?>
<!-- Generated by org.testng.reporters.JUnitReportReporter -->
<testsuite hostname="DESKTOP-UQKD5N4" name="com.testng.KeyboardAct" tests="1" failures="0" timestamp="25 Aug 2022 15:27:16 GMT" time="2.944" errors="0">
  <testcase name="selectitem" time="2.944" classname="com.testng.KeyboardAct"/>
</testsuite> <!-- com.testng.KeyboardAct -->
