<?xml version="1.0" encoding="UTF-8"?>
<!-- Generated by org.testng.reporters.JUnitReportReporter -->
<testsuite hostname="DESKTOP-UQKD5N4" name="com.testng.IteraTestQA" tests="1" failures="0" timestamp="8 Sep 2022 15:20:25 GMT" time="8.446" errors="0">
  <testcase name="testqa" time="8.446" classname="com.testng.IteraTestQA"/>
</testsuite> <!-- com.testng.IteraTestQA -->
