<?xml version="1.0" encoding="UTF-8"?>
<!-- Generated by org.testng.reporters.JUnitReportReporter -->
<testsuite hostname="DESKTOP-UQKD5N4" name="com.test.TestNG" tests="1" failures="0" timestamp="24 Aug 2022 05:25:16 GMT" time="0.011" errors="0">
  <testcase name="mango" time="0.011" classname="com.test.TestNG"/>
</testsuite> <!-- com.test.TestNG -->
