<?xml version="1.0" encoding="UTF-8"?>
<!-- Generated by org.testng.reporters.JUnitReportReporter -->
<testsuite hostname="DESKTOP-UQKD5N4" name="com.test.FruitsTestNg" tests="5" failures="0" timestamp="24 Aug 2022 13:23:33 GMT" time="0.012" errors="0">
  <testcase name="kiwi" time="0.008" classname="com.test.FruitsTestNg"/>
  <testcase name="apple" time="0.001" classname="com.test.FruitsTestNg"/>
  <testcase name="mango" time="0.001" classname="com.test.FruitsTestNg"/>
  <testcase name="pineapple" time="0.001" classname="com.test.FruitsTestNg"/>
  <testcase name="banana" time="0.001" classname="com.test.FruitsTestNg"/>
</testsuite> <!-- com.test.FruitsTestNg -->
