<?xml version="1.0" encoding="UTF-8"?>
<!-- Generated by org.testng.reporters.JUnitReportReporter -->
<testsuite hostname="DESKTOP-UQKD5N4" name="com.testng.Webtable" tests="1" failures="0" timestamp="25 Aug 2022 15:18:59 GMT" time="3.347" errors="0">
  <testcase name="table" time="3.347" classname="com.testng.Webtable"/>
</testsuite> <!-- com.testng.Webtable -->
