<?xml version="1.0" encoding="UTF-8"?>
<!-- Generated by org.testng.reporters.JUnitReportReporter -->
<testsuite hostname="DESKTOP-UQKD5N4" name="com.testng.chkdays" tests="1" failures="0" timestamp="25 Aug 2022 15:48:18 GMT" time="3.244" errors="0">
  <testcase name="chkbox" time="3.244" classname="com.testng.chkdays"/>
</testsuite> <!-- com.testng.chkdays -->
