<?xml version="1.0" encoding="UTF-8"?>
<!-- Generated by org.testng.reporters.JUnitReportReporter -->
<testsuite hostname="DESKTOP-UQKD5N4" name="com.testng.Search" tests="1" failures="0" timestamp="25 Aug 2022 15:27:16 GMT" time="9.336" errors="0">
  <testcase name="medplussearch" time="9.336" classname="com.testng.Search"/>
</testsuite> <!-- com.testng.Search -->
