<?xml version="1.0" encoding="UTF-8"?>
<!-- Generated by org.testng.reporters.JUnitReportReporter -->
<testsuite hostname="DESKTOP-UQKD5N4" name="com.prac.amazonsearch" tests="1" failures="0" timestamp="27 Aug 2022 15:48:35 GMT" time="19.297" errors="0">
  <testcase name="search" time="19.297" classname="com.prac.amazonsearch"/>
</testsuite> <!-- com.prac.amazonsearch -->
