<?xml version="1.0" encoding="UTF-8"?>
<!-- Generated by org.testng.reporters.JUnitReportReporter -->
<testsuite hostname="DESKTOP-UQKD5N4" name="com.test.DragTestNg" tests="1" failures="0" timestamp="24 Aug 2022 15:12:27 GMT" time="6.644" errors="0">
  <testcase name="dadp" time="6.644" classname="com.test.DragTestNg"/>
</testsuite> <!-- com.test.DragTestNg -->
