<?xml version="1.0" encoding="UTF-8"?>
<!-- Generated by org.testng.reporters.JUnitReportReporter -->
<testsuite hostname="DESKTOP-UQKD5N4" name="com.testng.MoveCursorTng" tests="1" failures="0" timestamp="16 Sep 2022 04:34:54 GMT" time="9.209" errors="0">
  <testcase name="cursor" time="9.209" classname="com.testng.MoveCursorTng"/>
</testsuite> <!-- com.testng.MoveCursorTng -->
