<?xml version="1.0" encoding="UTF-8"?>
<!-- Generated by org.testng.reporters.JUnitReportReporter -->
<testsuite hostname="DESKTOP-UQKD5N4" name="com.testng.Login" tests="1" failures="0" timestamp="28 Aug 2022 13:26:14 GMT" time="8.095" errors="0">
  <testcase name="log" time="8.095" classname="com.testng.Login"/>
</testsuite> <!-- com.testng.Login -->
