<?xml version="1.0" encoding="UTF-8"?>
<!-- Generated by org.testng.reporters.JUnitReportReporter -->
<testsuite hostname="DESKTOP-UQKD5N4" name="com.testng.Tableweb" tests="1" failures="0" timestamp="28 Aug 2022 13:18:53 GMT" time="3.351" errors="0">
  <testcase name="table" time="3.351" classname="com.testng.Tableweb"/>
</testsuite> <!-- com.testng.Tableweb -->
