<?xml version="1.0" encoding="UTF-8"?>
<!-- Generated by org.testng.reporters.JUnitReportReporter -->
<testsuite hostname="DESKTOP-UQKD5N4" name="com.prac.FacebookReg" tests="1" failures="0" timestamp="5 Sep 2022 14:58:19 GMT" time="5.003" errors="0">
  <testcase name="login" time="5.003" classname="com.prac.FacebookReg"/>
</testsuite> <!-- com.prac.FacebookReg -->
