<?xml version="1.0" encoding="UTF-8"?>
<!-- Generated by org.testng.reporters.JUnitReportReporter -->
<testsuite hostname="DESKTOP-UQKD5N4" name="com.testng.DropdownTst" tests="1" failures="0" timestamp="25 Aug 2022 15:27:16 GMT" time="5.264" errors="0">
  <testcase name="drop" time="5.264" classname="com.testng.DropdownTst"/>
</testsuite> <!-- com.testng.DropdownTst -->
