<?xml version="1.0" encoding="UTF-8"?>
<!-- Generated by org.testng.reporters.JUnitReportReporter -->
<testsuite hostname="DESKTOP-UQKD5N4" name="com.prac.OrangeHRMAssertion" tests="1" failures="0" timestamp="10 Sep 2022 02:24:52 GMT" time="5.251" errors="0">
  <testcase name="login" time="5.251" classname="com.prac.OrangeHRMAssertion"/>
</testsuite> <!-- com.prac.OrangeHRMAssertion -->
