<?xml version="1.0" encoding="UTF-8"?>
<!-- Generated by org.testng.reporters.JUnitReportReporter -->
<testsuite skipped="0" hostname="DESKTOP-UQKD5N4" name="com.testng.Search" tests="1" failures="0" timestamp="08 Sep 2022 15:40:47 GMT" time="8.685" errors="0">
  <testcase name="medplussearch" time="8.685" classname="com.testng.Search"/>
</testsuite> <!-- com.testng.Search -->
