<?xml version="1.0" encoding="UTF-8"?>
<!-- Generated by org.testng.reporters.JUnitReportReporter -->
<testsuite skipped="0" hostname="DESKTOP-UQKD5N4" name="com.testng.Login" tests="1" failures="0" timestamp="08 Sep 2022 15:40:47 GMT" time="8.440" errors="0">
  <testcase name="log" time="8.440" classname="com.testng.Login"/>
</testsuite> <!-- com.testng.Login -->
