<?xml version="1.0" encoding="UTF-8"?>
<!-- Generated by org.testng.reporters.JUnitReportReporter -->
<testsuite skipped="0" hostname="DESKTOP-UQKD5N4" name="com.testng.DoubleClick" tests="1" failures="0" timestamp="08 Sep 2022 15:40:47 GMT" time="8.600" errors="0">
  <testcase name="dclick" time="8.600" classname="com.testng.DoubleClick"/>
</testsuite> <!-- com.testng.DoubleClick -->
