<?xml version="1.0" encoding="UTF-8"?>
<!-- Generated by org.testng.reporters.JUnitReportReporter -->
<testsuite skipped="0" hostname="DESKTOP-UQKD5N4" name="com.testng.Webtable" tests="1" failures="0" timestamp="08 Sep 2022 15:40:47 GMT" time="3.454" errors="0">
  <testcase name="table" time="3.454" classname="com.testng.Webtable"/>
</testsuite> <!-- com.testng.Webtable -->
