<?xml version="1.0" encoding="UTF-8"?>
<!-- Generated by org.testng.reporters.JUnitReportReporter -->
<testsuite skipped="0" hostname="DESKTOP-UQKD5N4" name="com.testng.KeyboardAct" tests="1" failures="0" timestamp="08 Sep 2022 15:40:47 GMT" time="4.257" errors="0">
  <testcase name="selectitem" time="4.257" classname="com.testng.KeyboardAct"/>
</testsuite> <!-- com.testng.KeyboardAct -->
